2026-04-07 11:21:23 - Add helper functions
2026-04-07 12:57:42 - Refactor service layer
2026-04-07 08:31:21 - Implement feature update
2026-04-08 12:16:44 - Improve error handling
2026-04-08 20:41:02 - Refactor service layer
2026-04-08 08:29:28 - Update configuration
2026-04-09 21:57:46 - Improve error handling
2026-04-10 18:04:20 - Clean code
2026-04-10 09:23:04 - Improve error handling
2026-04-10 19:57:57 - Fix bug in workflow
2026-04-10 13:47:04 - Update dependencies
2026-04-11 14:10:32 - Optimize query
2026-04-11 19:08:44 - Optimize query
2026-04-11 19:10:35 - Fix edge case
2026-04-12 21:23:44 - Fix edge case
2026-04-13 11:35:05 - Cleanup unused imports
2026-04-14 12:24:46 - Fix bug in workflow
2026-04-14 21:20:32 - Add documentation
2026-04-14 19:29:28 - Add documentation
2026-04-15 17:44:40 - Update configuration
2026-04-15 13:52:19 - Add unit tests
2026-04-15 09:29:06 - Fix bug in workflow
2026-04-15 18:17:31 - Fix validation issue
2026-04-16 20:53:49 - Add unit tests
2026-04-16 08:47:29 - Add unit tests
2026-04-17 10:40:59 - Clean code
2026-04-17 15:51:13 - Fix edge case
2026-04-17 13:46:50 - Update dependencies
2026-04-18 19:10:06 - Add unit tests
2026-04-18 08:23:07 - Refactor service layer
2026-04-18 17:19:33 - Add helper functions
2026-04-18 20:21:05 - Add unit tests
2026-04-19 14:26:00 - Update dependencies
2026-04-20 14:51:33 - Adjust project structure
2026-04-20 16:47:59 - Add documentation
2026-04-21 15:06:55 - Update README
2026-04-22 12:03:50 - Update dependencies
2026-04-22 11:26:08 - Add unit tests
2026-04-22 15:50:23 - Fix bug in workflow
2026-04-23 21:39:12 - Add unit tests
2026-04-24 20:15:02 - Update README
2026-04-24 16:11:41 - Cleanup unused imports
2026-04-25 13:23:07 - Fix validation issue
2026-04-25 10:53:22 - Update README
2026-04-25 11:01:27 - Update configuration
2026-04-26 17:00:24 - Improve error handling
2026-04-26 09:58:11 - Improve error handling
2026-04-26 11:32:16 - Update README
2026-04-26 20:37:56 - Improve error handling
2026-04-27 18:07:20 - Optimize query
2026-04-27 19:28:38 - Implement feature update
2026-04-28 21:27:20 - Add helper functions
2026-04-28 14:15:42 - Refactor controller
2026-04-28 20:25:02 - Optimize query
2026-04-28 19:18:49 - Update README
2026-04-29 08:55:02 - Fix validation issue
2026-04-29 11:18:22 - Fix validation issue
2026-04-29 14:15:07 - Adjust project structure
2026-04-30 10:23:20 - Adjust project structure
2026-04-30 12:47:09 - Refactor service layer
2026-05-01 08:50:18 - Improve error handling
2026-05-01 12:12:35 - Improve error handling
2026-05-01 14:21:33 - Update dependencies
2026-05-01 14:48:36 - Add unit tests
2026-05-02 13:33:14 - Cleanup unused imports
2026-05-02 17:27:50 - Add helper functions
2026-05-03 16:55:33 - Add unit tests
2026-05-03 11:13:58 - Implement feature update
2026-05-03 16:09:50 - Clean code
2026-05-03 16:32:57 - Adjust project structure
2026-05-04 20:44:11 - Improve UI logic
2026-05-04 18:44:21 - Add helper functions
2026-05-05 10:34:17 - Update dependencies
2026-05-05 21:23:57 - Add documentation
2026-05-06 14:31:21 - Update configuration
2026-05-06 19:43:19 - Fix edge case
2026-05-07 08:29:55 - Update README
2026-05-07 08:59:26 - Enhance performance
2026-05-08 17:00:46 - Update dependencies
2026-05-08 08:09:17 - Optimize query
2026-05-08 16:51:47 - Fix bug in workflow
2026-05-09 12:45:12 - Add documentation
2026-05-09 18:44:41 - Clean code
2026-05-09 14:54:47 - Refactor service layer
2026-05-09 17:56:34 - Improve error handling
2026-05-10 09:45:36 - Optimize query
2026-05-10 18:05:28 - Cleanup unused imports
2026-05-11 11:23:02 - Improve logging
2026-05-11 19:59:29 - Cleanup unused imports
2026-05-11 16:16:34 - Improve error handling
2026-05-11 20:17:59 - Add documentation
2026-05-12 13:58:03 - Improve logging
2026-05-12 19:58:26 - Refactor service layer
2026-05-13 11:09:03 - Update dependencies
2026-05-13 15:42:04 - Improve error handling
2026-05-14 11:55:57 - Add documentation
2026-05-14 12:14:28 - Adjust project structure
2026-05-14 14:42:29 - Fix validation issue
2026-05-14 13:55:52 - Add unit tests
2026-05-15 18:21:21 - Update README
2026-05-15 12:26:09 - Update configuration
2026-05-15 09:49:59 - Enhance performance
2026-05-15 08:43:51 - Fix bug in workflow
2026-05-16 18:13:04 - Update README
2026-05-16 20:29:32 - Optimize query
2026-05-16 17:45:10 - Enhance performance
2026-05-16 15:16:20 - Fix bug in workflow
2026-05-17 19:49:40 - Improve logging
2026-05-18 14:15:18 - Refactor service layer
2026-05-19 17:10:30 - Cleanup unused imports
2026-05-19 18:21:17 - Refactor controller
2026-05-19 18:00:09 - Update dependencies
2026-05-20 19:38:11 - Refactor controller
2026-05-21 17:58:08 - Add documentation
2026-05-22 18:47:30 - Enhance performance
2026-05-22 10:41:52 - Add helper functions
2026-05-22 09:59:49 - Update configuration
2026-05-22 18:24:50 - Cleanup unused imports
2026-05-23 19:33:18 - Fix bug in workflow
2026-05-23 10:50:38 - Update README
2026-05-24 08:45:04 - Implement feature update
2026-05-24 13:11:32 - Fix validation issue
2026-05-24 08:31:38 - Update configuration
2026-05-25 11:22:55 - Update configuration
2026-05-25 11:06:11 - Add documentation
2026-05-25 17:19:07 - Update README
2026-05-26 17:07:03 - Fix bug in workflow
2026-05-26 15:48:39 - Improve logging
2026-05-26 10:19:20 - Adjust project structure
2026-05-26 13:49:27 - Fix edge case
2026-05-27 12:05:12 - Update configuration
2026-05-28 08:46:57 - Improve error handling
2026-05-28 17:00:41 - Adjust project structure
2026-05-28 18:25:31 - Update configuration
2026-05-29 09:54:18 - Enhance performance
2026-05-29 16:05:43 - Add unit tests
2026-05-30 14:44:56 - Add helper functions
2026-05-31 11:56:24 - Add documentation
2026-06-01 21:24:01 - Fix bug in workflow
2026-06-02 19:04:03 - Add helper functions
2026-06-02 12:14:39 - Enhance performance
2026-06-03 19:18:19 - Fix bug in workflow
2026-06-04 20:35:25 - Improve logging
